CRITICAL - 2024-08-03 05:59:21 --> Error: Class "App\Models\TransaksiModel" not found
[Method: GET, Route: dashboard]
in APPPATH/Controllers/Dashboard.php on line 11.
 1 SYSTEMPATH/CodeIgniter.php(933): App\Controllers\Dashboard->index()
 2 SYSTEMPATH/CodeIgniter.php(509): CodeIgniter\CodeIgniter->runController()
 3 SYSTEMPATH/CodeIgniter.php(355): CodeIgniter\CodeIgniter->handleRequest()
 4 SYSTEMPATH/Boot.php(325): CodeIgniter\CodeIgniter->run()
 5 SYSTEMPATH/Boot.php(67): CodeIgniter\Boot::runCodeIgniter()
 6 FCPATH/index.php(56): CodeIgniter\Boot::bootWeb()
CRITICAL - 2024-08-03 05:59:52 --> Error: Class "app\Models\TransaksiModel" not found
[Method: GET, Route: dashboard]
in APPPATH/Controllers/Dashboard.php on line 11.
 1 SYSTEMPATH/CodeIgniter.php(933): App\Controllers\Dashboard->index()
 2 SYSTEMPATH/CodeIgniter.php(509): CodeIgniter\CodeIgniter->runController()
 3 SYSTEMPATH/CodeIgniter.php(355): CodeIgniter\CodeIgniter->handleRequest()
 4 SYSTEMPATH/Boot.php(325): CodeIgniter\CodeIgniter->run()
 5 SYSTEMPATH/Boot.php(67): CodeIgniter\Boot::runCodeIgniter()
 6 FCPATH/index.php(56): CodeIgniter\Boot::bootWeb()
CRITICAL - 2024-08-03 05:59:53 --> Error: Class "app\Models\TransaksiModel" not found
[Method: GET, Route: dashboard]
in APPPATH/Controllers/Dashboard.php on line 11.
 1 SYSTEMPATH/CodeIgniter.php(933): App\Controllers\Dashboard->index()
 2 SYSTEMPATH/CodeIgniter.php(509): CodeIgniter\CodeIgniter->runController()
 3 SYSTEMPATH/CodeIgniter.php(355): CodeIgniter\CodeIgniter->handleRequest()
 4 SYSTEMPATH/Boot.php(325): CodeIgniter\CodeIgniter->run()
 5 SYSTEMPATH/Boot.php(67): CodeIgniter\Boot::runCodeIgniter()
 6 FCPATH/index.php(56): CodeIgniter\Boot::bootWeb()
CRITICAL - 2024-08-03 05:59:53 --> Error: Class "app\Models\TransaksiModel" not found
[Method: GET, Route: dashboard]
in APPPATH/Controllers/Dashboard.php on line 11.
 1 SYSTEMPATH/CodeIgniter.php(933): App\Controllers\Dashboard->index()
 2 SYSTEMPATH/CodeIgniter.php(509): CodeIgniter\CodeIgniter->runController()
 3 SYSTEMPATH/CodeIgniter.php(355): CodeIgniter\CodeIgniter->handleRequest()
 4 SYSTEMPATH/Boot.php(325): CodeIgniter\CodeIgniter->run()
 5 SYSTEMPATH/Boot.php(67): CodeIgniter\Boot::runCodeIgniter()
 6 FCPATH/index.php(56): CodeIgniter\Boot::bootWeb()
CRITICAL - 2024-08-03 05:59:54 --> Error: Class "app\Models\TransaksiModel" not found
[Method: GET, Route: dashboard]
in APPPATH/Controllers/Dashboard.php on line 11.
 1 SYSTEMPATH/CodeIgniter.php(933): App\Controllers\Dashboard->index()
 2 SYSTEMPATH/CodeIgniter.php(509): CodeIgniter\CodeIgniter->runController()
 3 SYSTEMPATH/CodeIgniter.php(355): CodeIgniter\CodeIgniter->handleRequest()
 4 SYSTEMPATH/Boot.php(325): CodeIgniter\CodeIgniter->run()
 5 SYSTEMPATH/Boot.php(67): CodeIgniter\Boot::runCodeIgniter()
 6 FCPATH/index.php(56): CodeIgniter\Boot::bootWeb()
CRITICAL - 2024-08-03 05:59:54 --> Error: Class "app\Models\TransaksiModel" not found
[Method: GET, Route: dashboard]
in APPPATH/Controllers/Dashboard.php on line 11.
 1 SYSTEMPATH/CodeIgniter.php(933): App\Controllers\Dashboard->index()
 2 SYSTEMPATH/CodeIgniter.php(509): CodeIgniter\CodeIgniter->runController()
 3 SYSTEMPATH/CodeIgniter.php(355): CodeIgniter\CodeIgniter->handleRequest()
 4 SYSTEMPATH/Boot.php(325): CodeIgniter\CodeIgniter->run()
 5 SYSTEMPATH/Boot.php(67): CodeIgniter\Boot::runCodeIgniter()
 6 FCPATH/index.php(56): CodeIgniter\Boot::bootWeb()
CRITICAL - 2024-08-03 05:59:55 --> Error: Class "app\Models\TransaksiModel" not found
[Method: GET, Route: dashboard]
in APPPATH/Controllers/Dashboard.php on line 11.
 1 SYSTEMPATH/CodeIgniter.php(933): App\Controllers\Dashboard->index()
 2 SYSTEMPATH/CodeIgniter.php(509): CodeIgniter\CodeIgniter->runController()
 3 SYSTEMPATH/CodeIgniter.php(355): CodeIgniter\CodeIgniter->handleRequest()
 4 SYSTEMPATH/Boot.php(325): CodeIgniter\CodeIgniter->run()
 5 SYSTEMPATH/Boot.php(67): CodeIgniter\Boot::runCodeIgniter()
 6 FCPATH/index.php(56): CodeIgniter\Boot::bootWeb()
CRITICAL - 2024-08-03 05:59:55 --> Error: Class "app\Models\TransaksiModel" not found
[Method: GET, Route: dashboard]
in APPPATH/Controllers/Dashboard.php on line 11.
 1 SYSTEMPATH/CodeIgniter.php(933): App\Controllers\Dashboard->index()
 2 SYSTEMPATH/CodeIgniter.php(509): CodeIgniter\CodeIgniter->runController()
 3 SYSTEMPATH/CodeIgniter.php(355): CodeIgniter\CodeIgniter->handleRequest()
 4 SYSTEMPATH/Boot.php(325): CodeIgniter\CodeIgniter->run()
 5 SYSTEMPATH/Boot.php(67): CodeIgniter\Boot::runCodeIgniter()
 6 FCPATH/index.php(56): CodeIgniter\Boot::bootWeb()
CRITICAL - 2024-08-03 05:59:55 --> Error: Class "app\Models\TransaksiModel" not found
[Method: GET, Route: dashboard]
in APPPATH/Controllers/Dashboard.php on line 11.
 1 SYSTEMPATH/CodeIgniter.php(933): App\Controllers\Dashboard->index()
 2 SYSTEMPATH/CodeIgniter.php(509): CodeIgniter\CodeIgniter->runController()
 3 SYSTEMPATH/CodeIgniter.php(355): CodeIgniter\CodeIgniter->handleRequest()
 4 SYSTEMPATH/Boot.php(325): CodeIgniter\CodeIgniter->run()
 5 SYSTEMPATH/Boot.php(67): CodeIgniter\Boot::runCodeIgniter()
 6 FCPATH/index.php(56): CodeIgniter\Boot::bootWeb()
CRITICAL - 2024-08-03 05:59:56 --> Error: Class "app\Models\TransaksiModel" not found
[Method: GET, Route: dashboard]
in APPPATH/Controllers/Dashboard.php on line 11.
 1 SYSTEMPATH/CodeIgniter.php(933): App\Controllers\Dashboard->index()
 2 SYSTEMPATH/CodeIgniter.php(509): CodeIgniter\CodeIgniter->runController()
 3 SYSTEMPATH/CodeIgniter.php(355): CodeIgniter\CodeIgniter->handleRequest()
 4 SYSTEMPATH/Boot.php(325): CodeIgniter\CodeIgniter->run()
 5 SYSTEMPATH/Boot.php(67): CodeIgniter\Boot::runCodeIgniter()
 6 FCPATH/index.php(56): CodeIgniter\Boot::bootWeb()
CRITICAL - 2024-08-03 05:59:56 --> Error: Class "app\Models\TransaksiModel" not found
[Method: GET, Route: dashboard]
in APPPATH/Controllers/Dashboard.php on line 11.
 1 SYSTEMPATH/CodeIgniter.php(933): App\Controllers\Dashboard->index()
 2 SYSTEMPATH/CodeIgniter.php(509): CodeIgniter\CodeIgniter->runController()
 3 SYSTEMPATH/CodeIgniter.php(355): CodeIgniter\CodeIgniter->handleRequest()
 4 SYSTEMPATH/Boot.php(325): CodeIgniter\CodeIgniter->run()
 5 SYSTEMPATH/Boot.php(67): CodeIgniter\Boot::runCodeIgniter()
 6 FCPATH/index.php(56): CodeIgniter\Boot::bootWeb()
CRITICAL - 2024-08-03 05:59:56 --> Error: Class "app\Models\TransaksiModel" not found
[Method: GET, Route: dashboard]
in APPPATH/Controllers/Dashboard.php on line 11.
 1 SYSTEMPATH/CodeIgniter.php(933): App\Controllers\Dashboard->index()
 2 SYSTEMPATH/CodeIgniter.php(509): CodeIgniter\CodeIgniter->runController()
 3 SYSTEMPATH/CodeIgniter.php(355): CodeIgniter\CodeIgniter->handleRequest()
 4 SYSTEMPATH/Boot.php(325): CodeIgniter\CodeIgniter->run()
 5 SYSTEMPATH/Boot.php(67): CodeIgniter\Boot::runCodeIgniter()
 6 FCPATH/index.php(56): CodeIgniter\Boot::bootWeb()
CRITICAL - 2024-08-03 05:59:57 --> Error: Class "app\Models\TransaksiModel" not found
[Method: GET, Route: dashboard]
in APPPATH/Controllers/Dashboard.php on line 11.
 1 SYSTEMPATH/CodeIgniter.php(933): App\Controllers\Dashboard->index()
 2 SYSTEMPATH/CodeIgniter.php(509): CodeIgniter\CodeIgniter->runController()
 3 SYSTEMPATH/CodeIgniter.php(355): CodeIgniter\CodeIgniter->handleRequest()
 4 SYSTEMPATH/Boot.php(325): CodeIgniter\CodeIgniter->run()
 5 SYSTEMPATH/Boot.php(67): CodeIgniter\Boot::runCodeIgniter()
 6 FCPATH/index.php(56): CodeIgniter\Boot::bootWeb()
CRITICAL - 2024-08-03 06:00:34 --> Error: Class "App\Models\TransaksiModel" not found
[Method: GET, Route: dashboard]
in APPPATH/Controllers/Dashboard.php on line 11.
 1 SYSTEMPATH/CodeIgniter.php(933): App\Controllers\Dashboard->index()
 2 SYSTEMPATH/CodeIgniter.php(509): CodeIgniter\CodeIgniter->runController()
 3 SYSTEMPATH/CodeIgniter.php(355): CodeIgniter\CodeIgniter->handleRequest()
 4 SYSTEMPATH/Boot.php(325): CodeIgniter\CodeIgniter->run()
 5 SYSTEMPATH/Boot.php(67): CodeIgniter\Boot::runCodeIgniter()
 6 FCPATH/index.php(56): CodeIgniter\Boot::bootWeb()
CRITICAL - 2024-08-03 06:00:35 --> Error: Class "App\Models\TransaksiModel" not found
[Method: GET, Route: dashboard]
in APPPATH/Controllers/Dashboard.php on line 11.
 1 SYSTEMPATH/CodeIgniter.php(933): App\Controllers\Dashboard->index()
 2 SYSTEMPATH/CodeIgniter.php(509): CodeIgniter\CodeIgniter->runController()
 3 SYSTEMPATH/CodeIgniter.php(355): CodeIgniter\CodeIgniter->handleRequest()
 4 SYSTEMPATH/Boot.php(325): CodeIgniter\CodeIgniter->run()
 5 SYSTEMPATH/Boot.php(67): CodeIgniter\Boot::runCodeIgniter()
 6 FCPATH/index.php(56): CodeIgniter\Boot::bootWeb()
CRITICAL - 2024-08-03 06:00:36 --> Error: Class "App\Models\TransaksiModel" not found
[Method: GET, Route: dashboard]
in APPPATH/Controllers/Dashboard.php on line 11.
 1 SYSTEMPATH/CodeIgniter.php(933): App\Controllers\Dashboard->index()
 2 SYSTEMPATH/CodeIgniter.php(509): CodeIgniter\CodeIgniter->runController()
 3 SYSTEMPATH/CodeIgniter.php(355): CodeIgniter\CodeIgniter->handleRequest()
 4 SYSTEMPATH/Boot.php(325): CodeIgniter\CodeIgniter->run()
 5 SYSTEMPATH/Boot.php(67): CodeIgniter\Boot::runCodeIgniter()
 6 FCPATH/index.php(56): CodeIgniter\Boot::bootWeb()
CRITICAL - 2024-08-03 06:00:36 --> Error: Class "App\Models\TransaksiModel" not found
[Method: GET, Route: dashboard]
in APPPATH/Controllers/Dashboard.php on line 11.
 1 SYSTEMPATH/CodeIgniter.php(933): App\Controllers\Dashboard->index()
 2 SYSTEMPATH/CodeIgniter.php(509): CodeIgniter\CodeIgniter->runController()
 3 SYSTEMPATH/CodeIgniter.php(355): CodeIgniter\CodeIgniter->handleRequest()
 4 SYSTEMPATH/Boot.php(325): CodeIgniter\CodeIgniter->run()
 5 SYSTEMPATH/Boot.php(67): CodeIgniter\Boot::runCodeIgniter()
 6 FCPATH/index.php(56): CodeIgniter\Boot::bootWeb()
CRITICAL - 2024-08-03 06:00:36 --> Error: Class "App\Models\TransaksiModel" not found
[Method: GET, Route: dashboard]
in APPPATH/Controllers/Dashboard.php on line 11.
 1 SYSTEMPATH/CodeIgniter.php(933): App\Controllers\Dashboard->index()
 2 SYSTEMPATH/CodeIgniter.php(509): CodeIgniter\CodeIgniter->runController()
 3 SYSTEMPATH/CodeIgniter.php(355): CodeIgniter\CodeIgniter->handleRequest()
 4 SYSTEMPATH/Boot.php(325): CodeIgniter\CodeIgniter->run()
 5 SYSTEMPATH/Boot.php(67): CodeIgniter\Boot::runCodeIgniter()
 6 FCPATH/index.php(56): CodeIgniter\Boot::bootWeb()
CRITICAL - 2024-08-03 06:10:25 --> Error: Call to a member function join() on array
[Method: GET, Route: dashboard]
in APPPATH/Controllers/Dashboard.php on line 12.
 1 SYSTEMPATH/CodeIgniter.php(933): App\Controllers\Dashboard->index()
 2 SYSTEMPATH/CodeIgniter.php(509): CodeIgniter\CodeIgniter->runController()
 3 SYSTEMPATH/CodeIgniter.php(355): CodeIgniter\CodeIgniter->handleRequest()
 4 SYSTEMPATH/Boot.php(325): CodeIgniter\CodeIgniter->run()
 5 SYSTEMPATH/Boot.php(67): CodeIgniter\Boot::runCodeIgniter()
 6 FCPATH/index.php(56): CodeIgniter\Boot::bootWeb()
CRITICAL - 2024-08-03 06:26:23 --> ErrorException: Undefined variable $transaksi
[Method: GET, Route: dashboard]
in APPPATH/Views/frontend/table.php on line 34.
 1 APPPATH/Views/frontend/table.php(34): CodeIgniter\Debug\Exceptions->errorHandler()
 2 SYSTEMPATH/View/View.php(234): include('/var/www/html/uaspf/app/Views/frontend/table.php')
 3 SYSTEMPATH/View/View.php(237): CodeIgniter\View\View->CodeIgniter\View\{closure}()
 4 SYSTEMPATH/Common.php(1169): CodeIgniter\View\View->render()
 5 APPPATH/Controllers/Dashboard.php(14): view()
 6 SYSTEMPATH/CodeIgniter.php(933): App\Controllers\Dashboard->index()
 7 SYSTEMPATH/CodeIgniter.php(509): CodeIgniter\CodeIgniter->runController()
 8 SYSTEMPATH/CodeIgniter.php(355): CodeIgniter\CodeIgniter->handleRequest()
 9 SYSTEMPATH/Boot.php(325): CodeIgniter\CodeIgniter->run()
10 SYSTEMPATH/Boot.php(67): CodeIgniter\Boot::runCodeIgniter()
11 FCPATH/index.php(56): CodeIgniter\Boot::bootWeb()
CRITICAL - 2024-08-03 06:32:16 --> TypeError: Unsupported operand types: string + string
[Method: GET, Route: dashboard]
in APPPATH/Views/frontend/table.php on line 39.
 1 SYSTEMPATH/View/View.php(234): include()
 2 SYSTEMPATH/View/View.php(237): CodeIgniter\View\View->CodeIgniter\View\{closure}()
 3 SYSTEMPATH/Common.php(1169): CodeIgniter\View\View->render()
 4 APPPATH/Controllers/Dashboard.php(14): view()
 5 SYSTEMPATH/CodeIgniter.php(933): App\Controllers\Dashboard->index()
 6 SYSTEMPATH/CodeIgniter.php(509): CodeIgniter\CodeIgniter->runController()
 7 SYSTEMPATH/CodeIgniter.php(355): CodeIgniter\CodeIgniter->handleRequest()
 8 SYSTEMPATH/Boot.php(325): CodeIgniter\CodeIgniter->run()
 9 SYSTEMPATH/Boot.php(67): CodeIgniter\Boot::runCodeIgniter()
10 FCPATH/index.php(56): CodeIgniter\Boot::bootWeb()
CRITICAL - 2024-08-03 06:32:31 --> ParseError: syntax error, unexpected token "++"
[Method: GET, Route: dashboard]
in APPPATH/Views/frontend/table.php on line 39.
 1 SYSTEMPATH/View/View.php(237): CodeIgniter\View\View->CodeIgniter\View\{closure}()
 2 SYSTEMPATH/Common.php(1169): CodeIgniter\View\View->render()
 3 APPPATH/Controllers/Dashboard.php(14): view()
 4 SYSTEMPATH/CodeIgniter.php(933): App\Controllers\Dashboard->index()
 5 SYSTEMPATH/CodeIgniter.php(509): CodeIgniter\CodeIgniter->runController()
 6 SYSTEMPATH/CodeIgniter.php(355): CodeIgniter\CodeIgniter->handleRequest()
 7 SYSTEMPATH/Boot.php(325): CodeIgniter\CodeIgniter->run()
 8 SYSTEMPATH/Boot.php(67): CodeIgniter\Boot::runCodeIgniter()
 9 FCPATH/index.php(56): CodeIgniter\Boot::bootWeb()
CRITICAL - 2024-08-03 06:32:44 --> TypeError: Unsupported operand types: string + string
[Method: GET, Route: dashboard]
in APPPATH/Views/frontend/table.php on line 39.
 1 SYSTEMPATH/View/View.php(234): include()
 2 SYSTEMPATH/View/View.php(237): CodeIgniter\View\View->CodeIgniter\View\{closure}()
 3 SYSTEMPATH/Common.php(1169): CodeIgniter\View\View->render()
 4 APPPATH/Controllers/Dashboard.php(14): view()
 5 SYSTEMPATH/CodeIgniter.php(933): App\Controllers\Dashboard->index()
 6 SYSTEMPATH/CodeIgniter.php(509): CodeIgniter\CodeIgniter->runController()
 7 SYSTEMPATH/CodeIgniter.php(355): CodeIgniter\CodeIgniter->handleRequest()
 8 SYSTEMPATH/Boot.php(325): CodeIgniter\CodeIgniter->run()
 9 SYSTEMPATH/Boot.php(67): CodeIgniter\Boot::runCodeIgniter()
10 FCPATH/index.php(56): CodeIgniter\Boot::bootWeb()
CRITICAL - 2024-08-03 06:36:23 --> ErrorException: Undefined variable $rupiah
[Method: GET, Route: dashboard]
in APPPATH/Views/frontend/table.php on line 45.
 1 APPPATH/Views/frontend/table.php(45): CodeIgniter\Debug\Exceptions->errorHandler()
 2 SYSTEMPATH/View/View.php(234): include('/var/www/html/uaspf/app/Views/frontend/table.php')
 3 SYSTEMPATH/View/View.php(237): CodeIgniter\View\View->CodeIgniter\View\{closure}()
 4 SYSTEMPATH/Common.php(1169): CodeIgniter\View\View->render()
 5 APPPATH/Controllers/Dashboard.php(14): view()
 6 SYSTEMPATH/CodeIgniter.php(933): App\Controllers\Dashboard->index()
 7 SYSTEMPATH/CodeIgniter.php(509): CodeIgniter\CodeIgniter->runController()
 8 SYSTEMPATH/CodeIgniter.php(355): CodeIgniter\CodeIgniter->handleRequest()
 9 SYSTEMPATH/Boot.php(325): CodeIgniter\CodeIgniter->run()
10 SYSTEMPATH/Boot.php(67): CodeIgniter\Boot::runCodeIgniter()
11 FCPATH/index.php(56): CodeIgniter\Boot::bootWeb()
CRITICAL - 2024-08-03 06:48:55 --> ErrorException: Undefined array key "nama_barang"
[Method: GET, Route: barang]
in APPPATH/Views/frontend/listbarang.php on line 17.
 1 APPPATH/Views/frontend/listbarang.php(17): CodeIgniter\Debug\Exceptions->errorHandler()
 2 SYSTEMPATH/View/View.php(234): include('/var/www/html/uaspf/app/Views/frontend/listbarang.php')
 3 SYSTEMPATH/View/View.php(237): CodeIgniter\View\View->CodeIgniter\View\{closure}()
 4 SYSTEMPATH/Common.php(1169): CodeIgniter\View\View->render()
 5 APPPATH/Controllers/Transaksi.php(17): view()
 6 SYSTEMPATH/CodeIgniter.php(933): App\Controllers\Transaksi->barang()
 7 SYSTEMPATH/CodeIgniter.php(509): CodeIgniter\CodeIgniter->runController()
 8 SYSTEMPATH/CodeIgniter.php(355): CodeIgniter\CodeIgniter->handleRequest()
 9 SYSTEMPATH/Boot.php(325): CodeIgniter\CodeIgniter->run()
10 SYSTEMPATH/Boot.php(67): CodeIgniter\Boot::runCodeIgniter()
11 FCPATH/index.php(56): CodeIgniter\Boot::bootWeb()
CRITICAL - 2024-08-03 07:45:58 --> ErrorException: Undefined variable $detailTrainsaksi
[Method: GET, Route: addtransaksi]
in APPPATH/Controllers/Transaksi.php on line 13.
 1 APPPATH/Controllers/Transaksi.php(13): CodeIgniter\Debug\Exceptions->errorHandler()
 2 SYSTEMPATH/CodeIgniter.php(933): App\Controllers\Transaksi->index()
 3 SYSTEMPATH/CodeIgniter.php(509): CodeIgniter\CodeIgniter->runController()
 4 SYSTEMPATH/CodeIgniter.php(355): CodeIgniter\CodeIgniter->handleRequest()
 5 SYSTEMPATH/Boot.php(325): CodeIgniter\CodeIgniter->run()
 6 SYSTEMPATH/Boot.php(67): CodeIgniter\Boot::runCodeIgniter()
 7 FCPATH/index.php(56): CodeIgniter\Boot::bootWeb()
ERROR - 2024-08-03 07:47:16 --> mysqli_sql_exception: Unknown column 'detail_transaksi.transaksi.id' in 'on clause' in /var/www/html/uaspf/system/Database/MySQLi/Connection.php:312
Stack trace:
#0 /var/www/html/uaspf/system/Database/MySQLi/Connection.php(312): mysqli->query()
#1 /var/www/html/uaspf/system/Database/BaseConnection.php(734): CodeIgniter\Database\MySQLi\Connection->execute()
#2 /var/www/html/uaspf/system/Database/BaseConnection.php(648): CodeIgniter\Database\BaseConnection->simpleQuery()
#3 /var/www/html/uaspf/system/Database/BaseBuilder.php(1644): CodeIgniter\Database\BaseConnection->query()
#4 /var/www/html/uaspf/system/Model.php(286): CodeIgniter\Database\BaseBuilder->get()
#5 /var/www/html/uaspf/system/BaseModel.php(676): CodeIgniter\Model->doFindAll()
#6 /var/www/html/uaspf/app/Controllers/Transaksi.php(13): CodeIgniter\BaseModel->findAll()
#7 /var/www/html/uaspf/system/CodeIgniter.php(933): App\Controllers\Transaksi->index()
#8 /var/www/html/uaspf/system/CodeIgniter.php(509): CodeIgniter\CodeIgniter->runController()
#9 /var/www/html/uaspf/system/CodeIgniter.php(355): CodeIgniter\CodeIgniter->handleRequest()
#10 /var/www/html/uaspf/system/Boot.php(325): CodeIgniter\CodeIgniter->run()
#11 /var/www/html/uaspf/system/Boot.php(67): CodeIgniter\Boot::runCodeIgniter()
#12 /var/www/html/uaspf/public/index.php(56): CodeIgniter\Boot::bootWeb()
#13 {main}
CRITICAL - 2024-08-03 07:47:16 --> CodeIgniter\Database\Exceptions\DatabaseException: Unknown column 'detail_transaksi.transaksi.id' in 'on clause'
[Method: GET, Route: addtransaksi]
in SYSTEMPATH/Database/BaseConnection.php on line 688.
 1 SYSTEMPATH/Database/BaseBuilder.php(1644): CodeIgniter\Database\BaseConnection->query()
 2 SYSTEMPATH/Model.php(286): CodeIgniter\Database\BaseBuilder->get()
 3 SYSTEMPATH/BaseModel.php(676): CodeIgniter\Model->doFindAll()
 4 APPPATH/Controllers/Transaksi.php(13): CodeIgniter\BaseModel->findAll()
 5 SYSTEMPATH/CodeIgniter.php(933): App\Controllers\Transaksi->index()
 6 SYSTEMPATH/CodeIgniter.php(509): CodeIgniter\CodeIgniter->runController()
 7 SYSTEMPATH/CodeIgniter.php(355): CodeIgniter\CodeIgniter->handleRequest()
 8 SYSTEMPATH/Boot.php(325): CodeIgniter\CodeIgniter->run()
 9 SYSTEMPATH/Boot.php(67): CodeIgniter\Boot::runCodeIgniter()
10 FCPATH/index.php(56): CodeIgniter\Boot::bootWeb()
CRITICAL - 2024-08-03 07:47:16 --> [Caused by] CodeIgniter\Database\Exceptions\DatabaseException: Unknown column 'detail_transaksi.transaksi.id' in 'on clause'
in SYSTEMPATH/Database/MySQLi/Connection.php on line 317.
 1 SYSTEMPATH/Database/BaseConnection.php(734): CodeIgniter\Database\MySQLi\Connection->execute()
 2 SYSTEMPATH/Database/BaseConnection.php(648): CodeIgniter\Database\BaseConnection->simpleQuery()
 3 SYSTEMPATH/Database/BaseBuilder.php(1644): CodeIgniter\Database\BaseConnection->query()
 4 SYSTEMPATH/Model.php(286): CodeIgniter\Database\BaseBuilder->get()
 5 SYSTEMPATH/BaseModel.php(676): CodeIgniter\Model->doFindAll()
 6 APPPATH/Controllers/Transaksi.php(13): CodeIgniter\BaseModel->findAll()
 7 SYSTEMPATH/CodeIgniter.php(933): App\Controllers\Transaksi->index()
 8 SYSTEMPATH/CodeIgniter.php(509): CodeIgniter\CodeIgniter->runController()
 9 SYSTEMPATH/CodeIgniter.php(355): CodeIgniter\CodeIgniter->handleRequest()
10 SYSTEMPATH/Boot.php(325): CodeIgniter\CodeIgniter->run()
11 SYSTEMPATH/Boot.php(67): CodeIgniter\Boot::runCodeIgniter()
12 FCPATH/index.php(56): CodeIgniter\Boot::bootWeb()
CRITICAL - 2024-08-03 07:47:16 --> [Caused by] mysqli_sql_exception: Unknown column 'detail_transaksi.transaksi.id' in 'on clause'
in SYSTEMPATH/Database/MySQLi/Connection.php on line 312.
 1 SYSTEMPATH/Database/MySQLi/Connection.php(312): mysqli->query()
 2 SYSTEMPATH/Database/BaseConnection.php(734): CodeIgniter\Database\MySQLi\Connection->execute()
 3 SYSTEMPATH/Database/BaseConnection.php(648): CodeIgniter\Database\BaseConnection->simpleQuery()
 4 SYSTEMPATH/Database/BaseBuilder.php(1644): CodeIgniter\Database\BaseConnection->query()
 5 SYSTEMPATH/Model.php(286): CodeIgniter\Database\BaseBuilder->get()
 6 SYSTEMPATH/BaseModel.php(676): CodeIgniter\Model->doFindAll()
 7 APPPATH/Controllers/Transaksi.php(13): CodeIgniter\BaseModel->findAll()
 8 SYSTEMPATH/CodeIgniter.php(933): App\Controllers\Transaksi->index()
 9 SYSTEMPATH/CodeIgniter.php(509): CodeIgniter\CodeIgniter->runController()
10 SYSTEMPATH/CodeIgniter.php(355): CodeIgniter\CodeIgniter->handleRequest()
11 SYSTEMPATH/Boot.php(325): CodeIgniter\CodeIgniter->run()
12 SYSTEMPATH/Boot.php(67): CodeIgniter\Boot::runCodeIgniter()
13 FCPATH/index.php(56): CodeIgniter\Boot::bootWeb()
CRITICAL - 2024-08-03 08:08:17 --> ErrorException: Undefined variable $detail_transaksi
[Method: POST, Route: addtransaksi]
in APPPATH/Views/frontend/listtotalbarang.php on line 40.
 1 APPPATH/Views/frontend/listtotalbarang.php(40): CodeIgniter\Debug\Exceptions->errorHandler()
 2 SYSTEMPATH/View/View.php(234): include('/var/www/html/uaspf/app/Views/frontend/listtotalbarang.php')
 3 SYSTEMPATH/View/View.php(237): CodeIgniter\View\View->CodeIgniter\View\{closure}()
 4 SYSTEMPATH/Common.php(1169): CodeIgniter\View\View->render()
 5 APPPATH/Controllers/Transaksi.php(29): view()
 6 SYSTEMPATH/CodeIgniter.php(933): App\Controllers\Transaksi->tambah()
 7 SYSTEMPATH/CodeIgniter.php(509): CodeIgniter\CodeIgniter->runController()
 8 SYSTEMPATH/CodeIgniter.php(355): CodeIgniter\CodeIgniter->handleRequest()
 9 SYSTEMPATH/Boot.php(325): CodeIgniter\CodeIgniter->run()
10 SYSTEMPATH/Boot.php(67): CodeIgniter\Boot::runCodeIgniter()
11 FCPATH/index.php(56): CodeIgniter\Boot::bootWeb()
CRITICAL - 2024-08-03 08:12:32 --> Error: Call to undefined function App\Controllers\getPost()
[Method: POST, Route: addtransaksi]
in APPPATH/Controllers/Transaksi.php on line 29.
 1 SYSTEMPATH/CodeIgniter.php(933): App\Controllers\Transaksi->tambah()
 2 SYSTEMPATH/CodeIgniter.php(509): CodeIgniter\CodeIgniter->runController()
 3 SYSTEMPATH/CodeIgniter.php(355): CodeIgniter\CodeIgniter->handleRequest()
 4 SYSTEMPATH/Boot.php(325): CodeIgniter\CodeIgniter->run()
 5 SYSTEMPATH/Boot.php(67): CodeIgniter\Boot::runCodeIgniter()
 6 FCPATH/index.php(56): CodeIgniter\Boot::bootWeb()
CRITICAL - 2024-08-03 08:12:40 --> Error: Call to undefined function App\Controllers\getPost()
[Method: POST, Route: addtransaksi]
in APPPATH/Controllers/Transaksi.php on line 29.
 1 SYSTEMPATH/CodeIgniter.php(933): App\Controllers\Transaksi->tambah()
 2 SYSTEMPATH/CodeIgniter.php(509): CodeIgniter\CodeIgniter->runController()
 3 SYSTEMPATH/CodeIgniter.php(355): CodeIgniter\CodeIgniter->handleRequest()
 4 SYSTEMPATH/Boot.php(325): CodeIgniter\CodeIgniter->run()
 5 SYSTEMPATH/Boot.php(67): CodeIgniter\Boot::runCodeIgniter()
 6 FCPATH/index.php(56): CodeIgniter\Boot::bootWeb()
CRITICAL - 2024-08-03 08:13:04 --> Error: Call to undefined function App\Controllers\getPost()
[Method: POST, Route: addtransaksi]
in APPPATH/Controllers/Transaksi.php on line 30.
 1 SYSTEMPATH/CodeIgniter.php(933): App\Controllers\Transaksi->tambah()
 2 SYSTEMPATH/CodeIgniter.php(509): CodeIgniter\CodeIgniter->runController()
 3 SYSTEMPATH/CodeIgniter.php(355): CodeIgniter\CodeIgniter->handleRequest()
 4 SYSTEMPATH/Boot.php(325): CodeIgniter\CodeIgniter->run()
 5 SYSTEMPATH/Boot.php(67): CodeIgniter\Boot::runCodeIgniter()
 6 FCPATH/index.php(56): CodeIgniter\Boot::bootWeb()
CRITICAL - 2024-08-03 08:34:15 --> Error: Call to a member function count() on array
[Method: POST, Route: addtransaksi]
in APPPATH/Controllers/Transaksi.php on line 41.
 1 SYSTEMPATH/CodeIgniter.php(933): App\Controllers\Transaksi->tambah()
 2 SYSTEMPATH/CodeIgniter.php(509): CodeIgniter\CodeIgniter->runController()
 3 SYSTEMPATH/CodeIgniter.php(355): CodeIgniter\CodeIgniter->handleRequest()
 4 SYSTEMPATH/Boot.php(325): CodeIgniter\CodeIgniter->run()
 5 SYSTEMPATH/Boot.php(67): CodeIgniter\Boot::runCodeIgniter()
 6 FCPATH/index.php(56): CodeIgniter\Boot::bootWeb()
CRITICAL - 2024-08-03 08:35:24 --> Error: Call to a member function countAll() on array
[Method: POST, Route: addtransaksi]
in APPPATH/Controllers/Transaksi.php on line 41.
 1 SYSTEMPATH/CodeIgniter.php(933): App\Controllers\Transaksi->tambah()
 2 SYSTEMPATH/CodeIgniter.php(509): CodeIgniter\CodeIgniter->runController()
 3 SYSTEMPATH/CodeIgniter.php(355): CodeIgniter\CodeIgniter->handleRequest()
 4 SYSTEMPATH/Boot.php(325): CodeIgniter\CodeIgniter->run()
 5 SYSTEMPATH/Boot.php(67): CodeIgniter\Boot::runCodeIgniter()
 6 FCPATH/index.php(56): CodeIgniter\Boot::bootWeb()
CRITICAL - 2024-08-03 08:36:52 --> BadMethodCallException: Call to undefined method App\Models\TransaksiModel::count
[Method: POST, Route: addtransaksi]
in SYSTEMPATH/Model.php on line 932.
 1 APPPATH/Controllers/Transaksi.php(41): CodeIgniter\Model->__call()
 2 SYSTEMPATH/CodeIgniter.php(933): App\Controllers\Transaksi->tambah()
 3 SYSTEMPATH/CodeIgniter.php(509): CodeIgniter\CodeIgniter->runController()
 4 SYSTEMPATH/CodeIgniter.php(355): CodeIgniter\CodeIgniter->handleRequest()
 5 SYSTEMPATH/Boot.php(325): CodeIgniter\CodeIgniter->run()
 6 SYSTEMPATH/Boot.php(67): CodeIgniter\Boot::runCodeIgniter()
 7 FCPATH/index.php(56): CodeIgniter\Boot::bootWeb()
CRITICAL - 2024-08-03 08:38:15 --> BadMethodCallException: Call to undefined method App\Models\TransaksiModel::countAllResult
[Method: POST, Route: addtransaksi]
in SYSTEMPATH/Model.php on line 932.
 1 APPPATH/Controllers/Transaksi.php(41): CodeIgniter\Model->__call()
 2 SYSTEMPATH/CodeIgniter.php(933): App\Controllers\Transaksi->tambah()
 3 SYSTEMPATH/CodeIgniter.php(509): CodeIgniter\CodeIgniter->runController()
 4 SYSTEMPATH/CodeIgniter.php(355): CodeIgniter\CodeIgniter->handleRequest()
 5 SYSTEMPATH/Boot.php(325): CodeIgniter\CodeIgniter->run()
 6 SYSTEMPATH/Boot.php(67): CodeIgniter\Boot::runCodeIgniter()
 7 FCPATH/index.php(56): CodeIgniter\Boot::bootWeb()
